<?xml version="1.0" encoding="UTF-8"?>
<testsuite name="controllers.NoteAPITest$SearchMethods" tests="2" skipped="0" failures="0" errors="0" timestamp="2022-04-01T15:28:08" hostname="ZACH-LAPTOP" time="0.003">
  <properties/>
  <testcase name="search notes by title returns notes when notes with that title exist()" classname="controllers.NoteAPITest$SearchMethods" time="0.001"/>
  <testcase name="search notes by title returns no notes when no notes with that title exist()" classname="controllers.NoteAPITest$SearchMethods" time="0.001"/>
  <system-out><![CDATA[]]></system-out>
  <system-err><![CDATA[]]></system-err>
</testsuite>
