<?xml version="1.0" encoding="UTF-8"?>
<testsuite name="controllers.NoteAPITest$CountingMethods" tests="4" skipped="0" failures="0" errors="0" timestamp="2022-04-01T14:43:03" hostname="ZACH-LAPTOP" time="0.008">
  <properties/>
  <testcase name="numberOfNotesCalculatedCorrectly()" classname="controllers.NoteAPITest$CountingMethods" time="0.002"/>
  <testcase name="numberOfActiveNotesCalculatedCorrectly()" classname="controllers.NoteAPITest$CountingMethods" time="0.001"/>
  <testcase name="numberOfNotesByPriorityCalculatedCorrectly()" classname="controllers.NoteAPITest$CountingMethods" time="0.001"/>
  <testcase name="numberOfArchivedNotesCalculatedCorrectly()" classname="controllers.NoteAPITest$CountingMethods" time="0.001"/>
  <system-out><![CDATA[]]></system-out>
  <system-err><![CDATA[]]></system-err>
</testsuite>
