<?xml version="1.0" encoding="UTF-8"?>
<testsuite name="controllers.NoteAPITest$DeleteNotes" tests="2" skipped="0" failures="0" errors="0" timestamp="2022-03-31T15:38:55" hostname="ZACH-LAPTOP" time="0.008">
  <properties/>
  <testcase name="deleting a note that exists delete and returns deleted object()" classname="controllers.NoteAPITest$DeleteNotes" time="0.003"/>
  <testcase name="deleting a Note that does not exist, returns null()" classname="controllers.NoteAPITest$DeleteNotes" time="0.003"/>
  <system-out><![CDATA[]]></system-out>
  <system-err><![CDATA[]]></system-err>
</testsuite>
