<?xml version="1.0" encoding="UTF-8"?>
<testsuite name="controllers.NoteAPITest$ArchiveNotes" tests="3" skipped="0" failures="0" errors="0" timestamp="2022-03-31T17:17:28" hostname="ZACH-LAPTOP" time="0.035">
  <properties/>
  <testcase name="archiving an active note that exists returns true and archives()" classname="controllers.NoteAPITest$ArchiveNotes" time="0.03"/>
  <testcase name="archiving a note that does not exist returns false()" classname="controllers.NoteAPITest$ArchiveNotes" time="0.002"/>
  <testcase name="archiving an already archived note returns false()" classname="controllers.NoteAPITest$ArchiveNotes" time="0.001"/>
  <system-out><![CDATA[]]></system-out>
  <system-err><![CDATA[]]></system-err>
</testsuite>
